[2026-01-13 16:01:08,240] INFO [QuorumController id=1] In the last 60000 ms period, 320 controller events were completed, which took an average of 11,94 ms each. The slowest event was writeNoOpRecord(1408759046), which took 36,40 ms. (org.apache.kafka.controller.EventPerformanceMonitor)
[2026-01-13 16:02:08,128] INFO [QuorumController id=1] Periodic task electPreferred generated 0 records in 39 microseconds. (org.apache.kafka.controller.PeriodicTaskControlManager)
[2026-01-13 16:02:08,128] INFO [QuorumController id=1] Periodic task electUnclean generated 0 records in 49 microseconds. (org.apache.kafka.controller.PeriodicTaskControlManager)
[2026-01-13 16:02:08,253] INFO [QuorumController id=1] In the last 60000 ms period, 323 controller events were completed, which took an average of 13,37 ms each. The slowest event was writeNoOpRecord(841574910), which took 36,40 ms. (org.apache.kafka.controller.EventPerformanceMonitor)
[2026-01-13 16:05:41,027] INFO [QuorumController id=1] In the last 60000 ms period, 322 controller events were completed, which took an average of 12,65 ms each. The slowest event was writeNoOpRecord(911024922), which took 36,47 ms. (org.apache.kafka.controller.EventPerformanceMonitor)
[2026-01-13 16:06:41,034] INFO [QuorumController id=1] In the last 60000 ms period, 322 controller events were completed, which took an average of 12,10 ms each. The slowest event was writeNoOpRecord(1489849655), which took 31,67 ms. (org.apache.kafka.controller.EventPerformanceMonitor)
[2026-01-13 16:07:41,039] INFO [QuorumController id=1] In the last 60000 ms period, 322 controller events were completed, which took an average of 12,05 ms each. The slowest event was writeNoOpRecord(561233944), which took 31,66 ms. (org.apache.kafka.controller.EventPerformanceMonitor)
[2026-01-13 16:08:41,046] INFO [QuorumController id=1] In the last 60000 ms period, 321 controller events were completed, which took an average of 12,09 ms each. The slowest event was writeNoOpRecord(1732800098), which took 31,46 ms. (org.apache.kafka.controller.EventPerformanceMonitor)
[2026-01-13 16:09:40,898] INFO [QuorumController id=1] Periodic task electPreferred generated 0 records in 35 microseconds. (org.apache.kafka.controller.PeriodicTaskControlManager)
[2026-01-13 16:09:40,899] INFO [QuorumController id=1] Periodic task electUnclean generated 0 records in 117 microseconds. (org.apache.kafka.controller.PeriodicTaskControlManager)
[2026-01-13 16:09:41,047] INFO [QuorumController id=1] In the last 60000 ms period, 327 controller events were completed, which took an average of 11,95 ms each. The slowest event was writeNoOpRecord(1877195760), which took 32,17 ms. (org.apache.kafka.controller.EventPerformanceMonitor)
[2026-01-13 16:10:41,049] INFO [QuorumController id=1] In the last 60000 ms period, 322 controller events were completed, which took an average of 12,24 ms each. The slowest event was writeNoOpRecord(1857416786), which took 32,47 ms. (org.apache.kafka.controller.EventPerformanceMonitor)
[2026-01-13 16:11:41,052] INFO [QuorumController id=1] In the last 60000 ms period, 322 controller events were completed, which took an average of 12,19 ms each. The slowest event was writeNoOpRecord(1391348978), which took 32,24 ms. (org.apache.kafka.controller.EventPerformanceMonitor)
[2026-01-13 16:12:41,057] INFO [QuorumController id=1] In the last 60000 ms period, 322 controller events were completed, which took an average of 12,19 ms each. The slowest event was writeNoOpRecord(523244662), which took 31,32 ms. (org.apache.kafka.controller.EventPerformanceMonitor)
[2026-01-13 16:13:41,062] INFO [QuorumController id=1] In the last 60000 ms period, 321 controller events were completed, which took an average of 12,22 ms each. The slowest event was writeNoOpRecord(208533214), which took 31,78 ms. (org.apache.kafka.controller.EventPerformanceMonitor)
[2026-01-13 16:14:40,903] INFO [QuorumController id=1] Periodic task electPreferred generated 0 records in 7 microseconds. (org.apache.kafka.controller.PeriodicTaskControlManager)
[2026-01-13 16:14:40,903] INFO [QuorumController id=1] Periodic task electUnclean generated 0 records in 6 microseconds. (org.apache.kafka.controller.PeriodicTaskControlManager)
[2026-01-13 16:14:41,068] INFO [QuorumController id=1] In the last 60000 ms period, 324 controller events were completed, which took an average of 12,03 ms each. The slowest event was writeNoOpRecord(1086695787), which took 31,31 ms. (org.apache.kafka.controller.EventPerformanceMonitor)
[2026-01-13 16:15:41,070] INFO [QuorumController id=1] In the last 60000 ms period, 320 controller events were completed, which took an average of 13,51 ms each. The slowest event was writeNoOpRecord(1601149313), which took 36,24 ms. (org.apache.kafka.controller.EventPerformanceMonitor)
[2026-01-13 16:16:41,081] INFO [QuorumController id=1] In the last 60000 ms period, 321 controller events were completed, which took an average of 14,08 ms each. The slowest event was writeNoOpRecord(1037553853), which took 36,06 ms. (org.apache.kafka.controller.EventPerformanceMonitor)
[2026-01-13 16:17:41,082] INFO [QuorumController id=1] In the last 60000 ms period, 320 controller events were completed, which took an average of 13,93 ms each. The slowest event was writeNoOpRecord(344118160), which took 37,16 ms. (org.apache.kafka.controller.EventPerformanceMonitor)
[2026-01-13 16:18:41,085] INFO [QuorumController id=1] In the last 60000 ms period, 322 controller events were completed, which took an average of 14,29 ms each. The slowest event was writeNoOpRecord(589537099), which took 36,20 ms. (org.apache.kafka.controller.EventPerformanceMonitor)
[2026-01-13 16:19:40,905] INFO [QuorumController id=1] Periodic task electPreferred generated 0 records in 34 microseconds. (org.apache.kafka.controller.PeriodicTaskControlManager)
[2026-01-13 16:19:40,906] INFO [QuorumController id=1] Periodic task electUnclean generated 0 records in 32 microseconds. (org.apache.kafka.controller.PeriodicTaskControlManager)
[2026-01-13 16:19:41,090] INFO [QuorumController id=1] In the last 60000 ms period, 324 controller events were completed, which took an average of 12,07 ms each. The slowest event was writeNoOpRecord(1410429697), which took 33,15 ms. (org.apache.kafka.controller.EventPerformanceMonitor)
[2026-01-13 16:20:41,093] INFO [QuorumController id=1] In the last 60000 ms period, 322 controller events were completed, which took an average of 11,86 ms each. The slowest event was writeNoOpRecord(1545627722), which took 31,85 ms. (org.apache.kafka.controller.EventPerformanceMonitor)
[2026-01-13 16:20:46,523] INFO [QuorumController id=1] Unfenced broker 1 has requested and been granted a controlled shutdown. (org.apache.kafka.controller.BrokerHeartbeatManager)
[2026-01-13 16:20:46,529] INFO [QuorumController id=1] enterControlledShutdown[1]: changing 53 partition(s) (org.apache.kafka.controller.ReplicationControlManager)
[2026-01-13 16:20:46,530] INFO [QuorumController id=1] Replayed BrokerRegistrationChangeRecord modifying the registration for broker 1: BrokerRegistrationChangeRecord(brokerId=1, brokerEpoch=1197, fenced=0, inControlledShutdown=1, logDirs=[]) (org.apache.kafka.controller.ClusterControlManager)
[2026-01-13 16:20:46,615] INFO [QuorumController id=1] The request from broker 1 to shut down has been granted since the lowest active offset 9223372036854775807 is now greater than the broker's controlled shutdown offset 7391. (org.apache.kafka.controller.BrokerHeartbeatManager)
[2026-01-13 16:20:46,616] INFO [QuorumController id=1] Replayed BrokerRegistrationChangeRecord modifying the registration for broker 1: BrokerRegistrationChangeRecord(brokerId=1, brokerEpoch=1197, fenced=1, inControlledShutdown=0, logDirs=[]) (org.apache.kafka.controller.ClusterControlManager)
[2026-01-13 16:20:47,203] INFO [QuorumController id=1] writeNoOpRecord: event unable to start processing because of RejectedExecutionException (treated as TimeoutException). Exception message: The event queue is shutting down (org.apache.kafka.controller.QuorumController)
[2026-01-13 16:20:47,203] INFO [QuorumController id=1] maybeFenceStaleBroker: event unable to start processing because of RejectedExecutionException (treated as TimeoutException). Exception message: The event queue is shutting down (org.apache.kafka.controller.QuorumController)
[2026-01-13 16:20:47,203] INFO [QuorumController id=1] generatePeriodicPerformanceMessage: event unable to start processing because of RejectedExecutionException (treated as TimeoutException). Exception message: The event queue is shutting down (org.apache.kafka.controller.QuorumController)
[2026-01-13 16:20:47,203] INFO [QuorumController id=1] electPreferred: event unable to start processing because of RejectedExecutionException (treated as TimeoutException). Exception message: The event queue is shutting down (org.apache.kafka.controller.QuorumController)
[2026-01-13 16:20:47,203] INFO [QuorumController id=1] electUnclean: event unable to start processing because of RejectedExecutionException (treated as TimeoutException). Exception message: The event queue is shutting down (org.apache.kafka.controller.QuorumController)
[2026-01-13 16:20:47,203] INFO [QuorumController id=1] expireDelegationTokens: event unable to start processing because of RejectedExecutionException (treated as TimeoutException). Exception message: The event queue is shutting down (org.apache.kafka.controller.QuorumController)
